TN:
SF:src/App.jsx
FN:7,formatTasksForEmail
FN:8,(anonymous_1)
FN:11,sendEmailMock
FN:12,(anonymous_3)
FN:13,(anonymous_4)
FN:22,App
FN:23,(anonymous_6)
FN:47,(anonymous_7)
FN:47,(anonymous_8)
FN:52,(anonymous_9)
FN:63,(anonymous_10)
FN:67,(anonymous_11)
FN:72,(anonymous_12)
FN:75,(anonymous_13)
FN:79,(anonymous_14)
FN:80,(anonymous_15)
FN:81,(anonymous_16)
FN:81,(anonymous_17)
FN:82,(anonymous_18)
FN:82,(anonymous_19)
FN:107,(anonymous_20)
FN:108,(anonymous_21)
FN:109,(anonymous_22)
FN:109,(anonymous_23)
FN:114,(anonymous_24)
FN:115,(anonymous_25)
FN:115,(anonymous_26)
FN:118,(anonymous_27)
FN:122,(anonymous_28)
FN:126,(anonymous_29)
FN:127,(anonymous_30)
FN:127,(anonymous_31)
FN:141,(anonymous_32)
FN:142,(anonymous_33)
FN:142,(anonymous_34)
FN:147,(anonymous_35)
FN:150,(anonymous_36)
FN:155,(anonymous_37)
FN:156,(anonymous_38)
FN:156,(anonymous_39)
FN:160,(anonymous_40)
FN:163,(anonymous_41)
FN:164,(anonymous_42)
FN:171,(anonymous_43)
FN:174,(anonymous_44)
FN:194,formatNextDue
FN:205,(anonymous_46)
FN:210,(anonymous_47)
FN:214,(anonymous_48)
FN:216,(anonymous_49)
FN:218,(anonymous_50)
FN:226,(anonymous_51)
FN:228,(anonymous_52)
FN:229,(anonymous_53)
FN:231,(anonymous_54)
FN:239,(anonymous_55)
FN:240,(anonymous_56)
FN:240,(anonymous_57)
FN:241,(anonymous_58)
FN:241,(anonymous_59)
FN:241,(anonymous_60)
FN:243,(anonymous_61)
FN:244,(anonymous_62)
FN:244,(anonymous_63)
FN:245,(anonymous_64)
FN:245,(anonymous_65)
FN:245,(anonymous_66)
FN:250,(anonymous_67)
FN:251,(anonymous_68)
FN:251,(anonymous_69)
FN:274,(anonymous_70)
FN:275,(anonymous_71)
FN:275,(anonymous_72)
FN:304,(anonymous_73)
FN:307,(anonymous_74)
FN:321,(anonymous_75)
FN:337,(anonymous_76)
FN:339,(anonymous_77)
FN:351,(anonymous_78)
FN:357,(anonymous_79)
FN:368,(anonymous_80)
FN:370,(anonymous_81)
FN:372,(anonymous_82)
FN:373,(anonymous_83)
FN:385,(anonymous_84)
FN:390,(anonymous_85)
FN:402,(anonymous_86)
FN:402,(anonymous_87)
FN:408,(anonymous_88)
FN:408,(anonymous_89)
FN:411,(anonymous_90)
FN:411,(anonymous_91)
FN:414,(anonymous_92)
FN:414,(anonymous_93)
FN:419,(anonymous_94)
FN:419,(anonymous_95)
FN:426,(anonymous_96)
FN:438,(anonymous_97)
FN:447,(anonymous_98)
FN:454,(anonymous_99)
FN:462,(anonymous_100)
FN:464,(anonymous_101)
FN:473,(anonymous_102)
FN:479,(anonymous_103)
FN:482,(anonymous_104)
FN:487,(anonymous_105)
FN:487,(anonymous_106)
FN:497,(anonymous_107)
FN:498,(anonymous_108)
FN:499,(anonymous_109)
FN:500,(anonymous_110)
FN:511,(anonymous_111)
FN:512,(anonymous_112)
FN:517,(anonymous_113)
FN:520,(anonymous_114)
FN:522,(anonymous_115)
FN:523,(anonymous_116)
FN:535,getTipForTask
FNF:118
FNH:58
FNDA:1,formatTasksForEmail
FNDA:1,(anonymous_1)
FNDA:1,sendEmailMock
FNDA:1,(anonymous_3)
FNDA:1,(anonymous_4)
FNDA:74,App
FNDA:15,(anonymous_6)
FNDA:42,(anonymous_7)
FNDA:25,(anonymous_8)
FNDA:15,(anonymous_9)
FNDA:42,(anonymous_10)
FNDA:15,(anonymous_11)
FNDA:12,(anonymous_12)
FNDA:11,(anonymous_13)
FNDA:3,(anonymous_14)
FNDA:3,(anonymous_15)
FNDA:1,(anonymous_16)
FNDA:0,(anonymous_17)
FNDA:3,(anonymous_18)
FNDA:3,(anonymous_19)
FNDA:5,(anonymous_20)
FNDA:5,(anonymous_21)
FNDA:0,(anonymous_22)
FNDA:0,(anonymous_23)
FNDA:2,(anonymous_24)
FNDA:2,(anonymous_25)
FNDA:2,(anonymous_26)
FNDA:1,(anonymous_27)
FNDA:0,(anonymous_28)
FNDA:5,(anonymous_29)
FNDA:5,(anonymous_30)
FNDA:5,(anonymous_31)
FNDA:42,(anonymous_32)
FNDA:25,(anonymous_33)
FNDA:0,(anonymous_34)
FNDA:0,(anonymous_35)
FNDA:0,(anonymous_36)
FNDA:0,(anonymous_37)
FNDA:0,(anonymous_38)
FNDA:0,(anonymous_39)
FNDA:42,(anonymous_40)
FNDA:0,(anonymous_41)
FNDA:0,(anonymous_42)
FNDA:2,(anonymous_43)
FNDA:2,(anonymous_44)
FNDA:4,formatNextDue
FNDA:0,(anonymous_46)
FNDA:0,(anonymous_47)
FNDA:0,(anonymous_48)
FNDA:0,(anonymous_49)
FNDA:0,(anonymous_50)
FNDA:0,(anonymous_51)
FNDA:0,(anonymous_52)
FNDA:0,(anonymous_53)
FNDA:0,(anonymous_54)
FNDA:0,(anonymous_55)
FNDA:0,(anonymous_56)
FNDA:0,(anonymous_57)
FNDA:0,(anonymous_58)
FNDA:0,(anonymous_59)
FNDA:0,(anonymous_60)
FNDA:0,(anonymous_61)
FNDA:0,(anonymous_62)
FNDA:0,(anonymous_63)
FNDA:0,(anonymous_64)
FNDA:0,(anonymous_65)
FNDA:0,(anonymous_66)
FNDA:1,(anonymous_67)
FNDA:1,(anonymous_68)
FNDA:1,(anonymous_69)
FNDA:3,(anonymous_70)
FNDA:3,(anonymous_71)
FNDA:3,(anonymous_72)
FNDA:0,(anonymous_73)
FNDA:0,(anonymous_74)
FNDA:5,(anonymous_75)
FNDA:38,(anonymous_76)
FNDA:3,(anonymous_77)
FNDA:1,(anonymous_78)
FNDA:3,(anonymous_79)
FNDA:0,(anonymous_80)
FNDA:0,(anonymous_81)
FNDA:2,(anonymous_82)
FNDA:5,(anonymous_83)
FNDA:5,(anonymous_84)
FNDA:0,(anonymous_85)
FNDA:2,(anonymous_86)
FNDA:2,(anonymous_87)
FNDA:0,(anonymous_88)
FNDA:0,(anonymous_89)
FNDA:0,(anonymous_90)
FNDA:0,(anonymous_91)
FNDA:1,(anonymous_92)
FNDA:1,(anonymous_93)
FNDA:1,(anonymous_94)
FNDA:1,(anonymous_95)
FNDA:0,(anonymous_96)
FNDA:0,(anonymous_97)
FNDA:0,(anonymous_98)
FNDA:0,(anonymous_99)
FNDA:12,(anonymous_100)
FNDA:0,(anonymous_101)
FNDA:2,(anonymous_102)
FNDA:2,(anonymous_103)
FNDA:0,(anonymous_104)
FNDA:0,(anonymous_105)
FNDA:0,(anonymous_106)
FNDA:0,(anonymous_107)
FNDA:0,(anonymous_108)
FNDA:0,(anonymous_109)
FNDA:0,(anonymous_110)
FNDA:0,(anonymous_111)
FNDA:0,(anonymous_112)
FNDA:0,(anonymous_113)
FNDA:0,(anonymous_114)
FNDA:0,(anonymous_115)
FNDA:0,(anonymous_116)
FNDA:1,getTipForTask
DA:8,1
DA:12,1
DA:13,1
DA:15,1
DA:16,1
DA:23,74
DA:24,15
DA:25,15
DA:27,74
DA:28,74
DA:29,74
DA:32,74
DA:33,74
DA:36,74
DA:37,74
DA:40,74
DA:41,74
DA:42,74
DA:44,74
DA:45,74
DA:47,74
DA:48,74
DA:49,74
DA:52,74
DA:53,15
DA:54,15
DA:56,74
DA:59,74
DA:60,74
DA:63,74
DA:64,42
DA:67,74
DA:68,15
DA:72,74
DA:73,12
DA:74,12
DA:75,11
DA:76,11
DA:79,74
DA:80,3
DA:81,3
DA:82,3
DA:83,3
DA:85,3
DA:86,2
DA:87,2
DA:88,2
DA:89,1
DA:90,1
DA:91,0
DA:92,1
DA:93,1
DA:95,2
DA:103,1
DA:107,74
DA:108,5
DA:109,5
DA:110,5
DA:111,5
DA:114,74
DA:115,2
DA:118,74
DA:119,1
DA:120,1
DA:121,1
DA:122,1
DA:126,74
DA:127,5
DA:136,5
DA:137,5
DA:141,74
DA:142,42
DA:147,74
DA:148,0
DA:149,0
DA:150,0
DA:151,0
DA:155,74
DA:156,0
DA:160,74
DA:161,42
DA:162,42
DA:163,0
DA:164,0
DA:165,0
DA:167,42
DA:171,74
DA:172,2
DA:173,2
DA:174,2
DA:189,2
DA:190,2
DA:195,4
DA:196,4
DA:197,4
DA:200,74
DA:201,74
DA:202,74
DA:205,74
DA:206,0
DA:207,0
DA:210,74
DA:211,0
DA:214,74
DA:215,0
DA:216,0
DA:218,0
DA:220,0
DA:221,0
DA:222,0
DA:226,74
DA:227,0
DA:228,0
DA:229,0
DA:230,0
DA:231,0
DA:233,0
DA:235,0
DA:239,74
DA:240,0
DA:241,0
DA:243,74
DA:244,0
DA:245,0
DA:250,74
DA:251,1
DA:252,1
DA:253,1
DA:254,1
DA:255,1
DA:257,1
DA:258,1
DA:259,1
DA:260,1
DA:261,1
DA:263,1
DA:274,74
DA:275,3
DA:276,3
DA:277,3
DA:278,3
DA:279,3
DA:281,3
DA:282,3
DA:283,3
DA:284,3
DA:285,3
DA:295,74
DA:304,0
DA:308,0
DA:322,5
DA:338,38
DA:339,3
DA:351,1
DA:357,3
DA:368,0
DA:370,0
DA:372,2
DA:373,5
DA:385,5
DA:390,0
DA:402,2
DA:408,0
DA:411,0
DA:414,1
DA:419,1
DA:426,0
DA:438,0
DA:448,0
DA:454,0
DA:462,12
DA:464,0
DA:473,2
DA:479,2
DA:482,0
DA:487,0
DA:497,0
DA:498,0
DA:499,0
DA:500,0
DA:511,0
DA:512,0
DA:518,0
DA:521,0
DA:522,0
DA:523,0
DA:536,1
DA:544,1
LF:188
LH:135
BRDA:8,0,0,0
BRDA:8,0,1,1
BRDA:25,1,0,0
BRDA:25,1,1,15
BRDA:49,2,0,38
BRDA:49,2,1,36
BRDA:54,3,0,0
BRDA:54,3,1,15
BRDA:74,4,0,1
BRDA:74,4,1,11
BRDA:83,5,0,0
BRDA:83,5,1,3
BRDA:85,6,0,2
BRDA:85,6,1,1
BRDA:85,7,0,3
BRDA:85,7,1,2
BRDA:88,8,0,1
BRDA:88,8,1,1
BRDA:90,9,0,0
BRDA:90,9,1,1
BRDA:92,10,0,1
BRDA:92,10,1,0
BRDA:99,11,0,2
BRDA:99,11,1,0
BRDA:121,12,0,1
BRDA:121,12,1,0
BRDA:127,13,0,5
BRDA:127,13,1,0
BRDA:130,14,0,5
BRDA:130,14,1,2
BRDA:132,15,0,5
BRDA:132,15,1,2
BRDA:142,16,0,25
BRDA:142,16,1,20
BRDA:142,17,0,0
BRDA:142,17,1,0
BRDA:142,18,0,0
BRDA:142,18,1,0
BRDA:149,19,0,0
BRDA:149,19,1,0
BRDA:156,20,0,0
BRDA:156,20,1,0
BRDA:164,21,0,0
BRDA:164,21,1,0
BRDA:165,22,0,0
BRDA:165,22,1,0
BRDA:173,23,0,0
BRDA:173,23,1,2
BRDA:181,24,0,2
BRDA:181,24,1,0
BRDA:195,25,0,0
BRDA:195,25,1,4
BRDA:215,26,0,0
BRDA:215,26,1,0
BRDA:227,27,0,0
BRDA:227,27,1,0
BRDA:230,28,0,0
BRDA:230,28,1,0
BRDA:231,29,0,0
BRDA:231,29,1,0
BRDA:240,30,0,0
BRDA:240,30,1,0
BRDA:241,31,0,0
BRDA:241,31,1,0
BRDA:244,32,0,0
BRDA:244,32,1,0
BRDA:245,33,0,0
BRDA:245,33,1,0
BRDA:252,34,0,0
BRDA:252,34,1,1
BRDA:254,35,0,1
BRDA:254,35,1,1
BRDA:255,36,0,1
BRDA:255,36,1,1
BRDA:258,37,0,0
BRDA:258,37,1,1
BRDA:259,38,0,1
BRDA:259,38,1,0
BRDA:259,39,0,1
BRDA:259,39,1,1
BRDA:260,40,0,1
BRDA:260,40,1,0
BRDA:268,41,0,1
BRDA:268,41,1,1
BRDA:276,42,0,0
BRDA:276,42,1,3
BRDA:278,43,0,3
BRDA:278,43,1,2
BRDA:279,44,0,3
BRDA:279,44,1,2
BRDA:282,45,0,1
BRDA:282,45,1,2
BRDA:283,46,0,3
BRDA:283,46,1,0
BRDA:287,47,0,3
BRDA:287,47,1,2
BRDA:290,48,0,3
BRDA:290,48,1,2
BRDA:313,49,0,0
BRDA:313,49,1,0
BRDA:318,50,0,74
BRDA:318,50,1,5
BRDA:325,51,0,5
BRDA:325,51,1,5
BRDA:327,52,0,5
BRDA:327,52,1,1
BRDA:327,53,0,5
BRDA:327,53,1,0
BRDA:338,54,0,3
BRDA:338,54,1,35
BRDA:338,55,0,38
BRDA:338,55,1,20
BRDA:340,56,0,3
BRDA:340,56,1,35
BRDA:350,57,0,38
BRDA:350,57,1,34
BRDA:356,58,0,38
BRDA:356,58,1,34
BRDA:358,59,0,38
BRDA:358,59,1,4
BRDA:364,60,0,38
BRDA:364,60,1,4
BRDA:365,61,0,2
BRDA:365,61,1,2
BRDA:368,62,0,38
BRDA:368,62,1,38
BRDA:378,63,0,74
BRDA:378,63,1,10
BRDA:395,64,0,74
BRDA:395,64,1,6
BRDA:431,65,0,74
BRDA:431,65,1,0
BRDA:443,66,0,0
BRDA:443,66,1,0
BRDA:464,67,0,0
BRDA:464,67,1,0
BRDA:476,68,0,74
BRDA:476,68,1,4
BRDA:476,68,2,3
BRDA:477,69,0,1
BRDA:477,69,1,73
BRDA:477,70,0,1
BRDA:477,70,1,72
BRDA:477,71,0,0
BRDA:477,71,1,72
BRDA:497,72,0,0
BRDA:497,72,1,74
BRDA:498,73,0,74
BRDA:498,73,1,0
BRDA:499,74,0,0
BRDA:499,74,1,74
BRDA:500,75,0,0
BRDA:500,75,1,74
BRDA:502,76,0,74
BRDA:502,76,1,0
BRDA:506,77,0,0
BRDA:506,77,1,0
BRDA:514,78,0,74
BRDA:514,78,1,0
BRDA:522,79,0,0
BRDA:522,79,1,0
BRDA:523,80,0,0
BRDA:523,80,1,0
BRDA:544,81,0,1
BRDA:544,81,1,0
BRF:165
BRH:97
end_of_record
TN:
SF:src/aiMindDump.js
FN:3,mindDumpSort
FN:4,(anonymous_1)
FNF:2
FNH:2
FNDA:1,mindDumpSort
FNDA:3,(anonymous_1)
DA:4,3
DA:5,1
DA:6,1
DA:7,1
DA:8,3
DA:9,3
DA:10,3
DA:11,1
DA:12,1
DA:13,2
DA:14,1
DA:15,1
DA:17,1
DA:18,1
DA:20,3
DA:22,1
LF:16
LH:16
BRDA:10,0,0,1
BRDA:10,0,1,2
BRDA:13,1,0,1
BRDA:13,1,1,1
BRF:4
BRH:4
end_of_record
TN:
SF:src/aiPriority.js
FN:3,suggestTask
FN:5,(anonymous_1)
FN:7,(anonymous_2)
FN:9,(anonymous_3)
FNF:4
FNH:4
FNDA:3,suggestTask
FNDA:7,(anonymous_1)
FNDA:4,(anonymous_2)
FNDA:1,(anonymous_3)
DA:4,3
DA:5,7
DA:6,3
DA:7,4
DA:9,3
DA:10,1
DA:11,1
DA:12,1
DA:14,3
LF:9
LH:9
BRDA:6,0,0,2
BRDA:6,0,1,1
BRDA:7,1,0,4
BRDA:7,1,1,0
BRDA:10,2,0,1
BRDA:10,2,1,0
BRDA:11,3,0,1
BRDA:11,3,1,0
BRDA:14,4,0,3
BRDA:14,4,1,0
BRF:10
BRH:6
end_of_record
