TN:
SF:src/App.jsx
FN:5,sendEmail
FN:7,(anonymous_1)
FN:8,(anonymous_2)
FN:10,(anonymous_3)
FN:16,App
FN:17,(anonymous_5)
FN:25,(anonymous_6)
FN:29,(anonymous_7)
FN:33,addTask
FN:38,toggleTask
FN:39,(anonymous_10)
FN:39,(anonymous_11)
FN:41,removeTask
FN:42,(anonymous_13)
FN:42,(anonymous_14)
FN:44,handleEmail
FN:48,(anonymous_16)
FN:58,(anonymous_17)
FN:60,(anonymous_18)
FN:64,(anonymous_19)
FN:72,(anonymous_20)
FN:74,(anonymous_21)
FN:83,(anonymous_22)
FNF:23
FNH:21
FNDA:1,sendEmail
FNDA:1,(anonymous_1)
FNDA:1,(anonymous_2)
FNDA:1,(anonymous_3)
FNDA:25,App
FNDA:8,(anonymous_5)
FNDA:15,(anonymous_6)
FNDA:9,(anonymous_7)
FNDA:6,addTask
FNDA:1,toggleTask
FNDA:1,(anonymous_10)
FNDA:1,(anonymous_11)
FNDA:1,removeTask
FNDA:1,(anonymous_13)
FNDA:1,(anonymous_14)
FNDA:1,handleEmail
FNDA:0,(anonymous_16)
FNDA:9,(anonymous_17)
FNDA:1,(anonymous_18)
FNDA:1,(anonymous_19)
FNDA:6,(anonymous_20)
FNDA:0,(anonymous_21)
FNDA:2,(anonymous_22)
DA:7,1
DA:8,1
DA:10,1
DA:11,1
DA:17,25
DA:18,8
DA:19,8
DA:21,25
DA:22,25
DA:23,25
DA:25,25
DA:26,15
DA:29,25
DA:30,25
DA:31,25
DA:34,6
DA:35,5
DA:36,5
DA:39,1
DA:42,1
DA:45,1
DA:46,1
DA:47,1
DA:48,1
DA:51,25
DA:59,9
DA:60,1
DA:64,1
DA:72,6
DA:74,0
DA:83,2
LF:31
LH:30
BRDA:10,0,0,0
BRDA:10,0,1,1
BRDA:19,1,0,0
BRDA:19,1,1,8
BRDA:31,2,0,9
BRDA:31,2,1,16
BRDA:34,3,0,1
BRDA:34,3,1,5
BRDA:39,4,0,1
BRDA:39,4,1,0
BRDA:47,5,0,1
BRDA:47,5,1,0
BRDA:59,6,0,1
BRDA:59,6,1,8
BRDA:61,7,0,1
BRDA:61,7,1,8
BRDA:74,8,0,0
BRDA:74,8,1,0
BRDA:86,9,0,25
BRDA:86,9,1,4
BRDA:86,9,2,3
BRDA:87,10,0,1
BRDA:87,10,1,24
BRDA:87,11,0,1
BRDA:87,11,1,23
BRDA:87,12,0,0
BRDA:87,12,1,23
BRF:27
BRH:20
end_of_record
